ERROR 2025-12-06 22:03:24,896 log 8444 125298716690112 Internal Server Error: /index
Traceback (most recent call last):
  File "/home/doniyorbek/Desktop/Projects/Wow-dash/venv/lib/python3.12/site-packages/django/core/handlers/exception.py", line 55, in inner
    response = get_response(request)
               ^^^^^^^^^^^^^^^^^^^^^
  File "/home/doniyorbek/Desktop/Projects/Wow-dash/venv/lib/python3.12/site-packages/django/core/handlers/base.py", line 197, in _get_response
    response = wrapped_callback(request, *callback_args, **callback_kwargs)
               ^^^^^^^^^^^^^^^^^^^^^^^^^^^^^^^^^^^^^^^^^^^^^^^^^^^^^^^^^^^^
  File "/home/doniyorbek/Desktop/Projects/Wow-dash/venv/lib/python3.12/site-packages/django/contrib/auth/decorators.py", line 59, in _view_wrapper
    return view_func(request, *args, **kwargs)
           ^^^^^^^^^^^^^^^^^^^^^^^^^^^^^^^^^^^
  File "/home/doniyorbek/Desktop/Projects/Wow-dash/WowDash/home_views.py", line 70, in index
    customers = get_user_customers(request.user)
                ^^^^^^^^^^^^^^^^^^
NameError: name 'get_user_customers' is not defined. Did you mean: 'get_user_orders'?
ERROR 2025-12-06 22:03:24,902 basehttp 8444 125298716690112 "GET /index HTTP/1.1" 500 96456
ERROR 2025-12-06 22:04:54,687 log 8881 125069292459712 Internal Server Error: /reports/branch-comparison
Traceback (most recent call last):
  File "/home/doniyorbek/Desktop/Projects/Wow-dash/venv/lib/python3.12/site-packages/django/core/handlers/exception.py", line 55, in inner
    response = get_response(request)
               ^^^^^^^^^^^^^^^^^^^^^
  File "/home/doniyorbek/Desktop/Projects/Wow-dash/venv/lib/python3.12/site-packages/django/core/handlers/base.py", line 197, in _get_response
    response = wrapped_callback(request, *callback_args, **callback_kwargs)
               ^^^^^^^^^^^^^^^^^^^^^^^^^^^^^^^^^^^^^^^^^^^^^^^^^^^^^^^^^^^^
  File "/home/doniyorbek/Desktop/Projects/Wow-dash/venv/lib/python3.12/site-packages/django/contrib/auth/decorators.py", line 59, in _view_wrapper
    return view_func(request, *args, **kwargs)
           ^^^^^^^^^^^^^^^^^^^^^^^^^^^^^^^^^^^
  File "/home/doniyorbek/Desktop/Projects/Wow-dash/organizations/rbac.py", line 138, in wrapper
    return view_func(request, *args, **kwargs)
           ^^^^^^^^^^^^^^^^^^^^^^^^^^^^^^^^^^^
  File "/home/doniyorbek/Desktop/Projects/Wow-dash/WowDash/reports_views.py", line 644, in branch_comparison
    customer_count = BotUser.objects.filter(branch=branch, is_active=True).count()
                     ^^^^^^^
NameError: name 'BotUser' is not defined
ERROR 2025-12-06 22:04:54,694 basehttp 8881 125069292459712 "GET /reports/branch-comparison HTTP/1.1" 500 102786
